2025-11-28T03:10:46+00:00 DEBUG #8842 - [New Request] POST /sitiowebWordpress/wp-json/wc-admin/settings/payments/suggestion/paypal_full_stack/attach
2025-11-28T03:10:46+00:00 DEBUG #8842 - Webhook lock acquired for 'register'.
2025-11-28T03:10:46+00:00 DEBUG #8842 - Webhook operation 'register' started.
2025-11-28T03:10:47+00:00 DEBUG #8842 - GET https://api.woocommerce.com/integrations/ppc/v1/notifications/webhooks
Response: Array
(
    [code] => 404
    [message] => Not Found
)

Response Body: {"statusCode":404,"error":"Not Found","message":"Not Found"}

2025-11-28T03:10:47+00:00 ERROR #8842 - Failed to delete webhooks: [Error] Not Found
2025-11-28T03:10:47+00:00 INFO #8842 - Webhooks deleted.
2025-11-28T03:10:47+00:00 DEBUG #8842 - POST https://api.woocommerce.com/integrations/ppc/v1/notifications/webhooks
Request Body: {"url":"https:\/\/localhost\/sitiowebWordpress\/wp-json\/paypal\/v1\/incoming","event_types":[{"name":"CHECKOUT.ORDER.APPROVED"},{"name":"CHECKOUT.ORDER.COMPLETED"},{"name":"CHECKOUT.PAYMENT-APPROVAL.REVERSED"},{"name":"PAYMENT.CAPTURE.REFUNDED"},{"name":"PAYMENT.AUTHORIZATION.VOIDED"},{"name":"PAYMENT.CAPTURE.REVERSED"},{"name":"PAYMENT.ORDER.CANCELLED"},{"name":"PAYMENT.CAPTURE.DENIED"},{"name":"PAYMENT.CAPTURE.COMPLETED"},{"name":"VAULT.PAYMENT-TOKEN.CREATED"},{"name":"VAULT.PAYMENT-TOKEN.DELETED"},{"name":"PAYMENT.CAPTURE.PENDING"},{"name":"PAYMENT.SALE.COMPLETED"},{"name":"PAYMENT.SALE.REFUNDED"},{"name":"BILLING.SUBSCRIPTION.CANCELLED"},{"name":"BILLING.PLAN.PRICING-CHANGE.ACTIVATED"},{"name":"CATALOG.PRODUCT.UPDATED"},{"name":"BILLING.PLAN.UPDATED"}]}
Response: Array
(
    [code] => 404
    [message] => Not Found
)

Response Body: {"statusCode":404,"error":"Not Found","message":"Not Found"}

2025-11-28T03:10:47+00:00 ERROR #8842 - Failed to subscribe webhooks: [Error] Not Found
2025-11-28T03:10:47+00:00 DEBUG #8842 - Webhook lock released for 'register'.
2025-11-28T03:10:56+00:00 DEBUG #3694 - [New Request] GET /sitiowebWordpress/wp-admin/admin.php
2025-11-28T03:10:56+00:00 DEBUG #3694 - GET https://api.woocommerce.com/integrations/ppc/v1/customer/partners/K8SKZ36LQBWXJ/merchant-integrations/
Response: Array
(
    [code] => 404
    [message] => Not Found
)

Response Body: {"statusCode":404,"error":"Not Found","message":"Not Found"}

2025-11-28T03:10:56+00:00 WARNING #3694 - [Error] Not Found CONTEXT: {"args":{"method":"GET","headers":{"Authorization":"Bearer token","Content-Type":"application/json"}},"response":{"headers":{},"body":"{"statusCode":404,"error":"Not Found","message":"Not Found"}","response":{"code":404,"message":"Not Found"},"cookies":[],"filename":null,"http_response":{"data":null,"headers":null,"status":null}}}
2025-11-28T03:11:04+00:00 DEBUG #6969 - [New Request] GET /sitiowebWordpress/wp-json/wc/v3/wc_paypal/webhooks
2025-11-28T03:11:04+00:00 DEBUG #6969 - GET https://api.woocommerce.com/integrations/ppc/v1/notifications/webhooks
Response: Array
(
    [code] => 404
    [message] => Not Found
)

Response Body: {"statusCode":404,"error":"Not Found","message":"Not Found"}

2025-11-28T03:11:43+00:00 DEBUG #1675 - [New Request] POST /sitiowebWordpress/wp-json/wc/v3/wc_paypal/login_link
2025-11-28T03:11:43+00:00 INFO #1675 - Generating onboarding URL for: production-express_checkout-
2025-11-28T03:11:44+00:00 DEBUG #1675 - POST https://api.woocommerce.com/integrations/ppc/v2/customer/partner-referrals
Request Body: {"partner_config_override":{"return_url":"http:\/\/localhost\/sitiowebWordpress\/wp-admin\/admin.php?page=wc-settings&tab=checkout&section=ppcp-gateway&ppcpToken=eyJrIjoicHJvZHVjdGlvbi1leHByZXNzX2NoZWNrb3V0LSIsInUiOjEsImgiOiI1OTJjMDUwYmQ5MGVmMjAyNDY1OWI1ZDk0Mjg3NDY1MyJ9","return_url_description":"Volver a tu tienda.","show_add_credit_card":false},"products":["PPCP","ADVANCED_VAULTING"],"capabilities":["PAYPAL_WALLET_VAULTING_ADVANCED"],"legal_consents":[{"type":"SHARE_DATA_CONSENT","granted":true}],"operations":[{"operation":"API_INTEGRATION","api_integration_preference":{"rest_api_integration":{"integration_method":"PAYPAL","integration_type":"FIRST_PARTY","first_party_details":{"features":["PAYMENT","REFUND","ADVANCED_TRANSACTIONS_SEARCH","TRACKING_SHIPMENT_READWRITE","BILLING_AGREEMENT"],"seller_nonce":"a1233wtergfsdt4365tzrshgfbaewa36AGa1233wtergfsdt4365tzrshgfbaewa36AG"}}}}]}
Response Debug ID: ec8e237f756be
Response: Array
(
    [code] => 201
    [message] => Created
)


2025-11-28T03:12:02+00:00 DEBUG #5128 - [New Request] GET /sitiowebWordpress/wp-json/wc/v3/wc_paypal/webhooks
2025-11-28T03:12:02+00:00 DEBUG #5128 - GET https://api.woocommerce.com/integrations/ppc/v1/notifications/webhooks
Response: Array
(
    [code] => 404
    [message] => Not Found
)

Response Body: {"statusCode":404,"error":"Not Found","message":"Not Found"}

2025-11-28T03:12:05+00:00 DEBUG #2793 - [New Request] POST /sitiowebWordpress/wp-json/wc/v3/wc_paypal/login_link
2025-11-28T03:12:05+00:00 DEBUG #2793 - Loaded onboarding URL from cache: production-express_checkout-
2025-11-28T03:12:05+00:00 INFO #2793 - Using cached onboarding URL for: production-express_checkout-
2025-11-28T03:13:26+00:00 DEBUG #9338 - [New Request] POST /sitiowebWordpress/wp-json/wc/v3/wc_paypal/login_link
2025-11-28T03:13:26+00:00 DEBUG #9338 - Loaded onboarding URL from cache: production-express_checkout-
2025-11-28T03:13:26+00:00 INFO #9338 - Using cached onboarding URL for: production-express_checkout-
2025-11-28T03:13:27+00:00 DEBUG #3548 - [New Request] POST /sitiowebWordpress/wp-json/wc/v3/wc_paypal/login_link
2025-11-28T03:13:27+00:00 DEBUG #3548 - Loaded onboarding URL from cache: production-express_checkout-
2025-11-28T03:13:27+00:00 INFO #3548 - Using cached onboarding URL for: production-express_checkout-
